2022-11-29 12:12:14.069  INFO 23879 --- [main] com.example.System5Application           : Starting System5Application using Java 15.0.2 on MacBook-Air.local with PID 23879 (/Users/aleksejlaskin/IdeaProjects/System5/target/classes started by aleksejlaskin in /Users/aleksejlaskin/IdeaProjects/System5)
2022-11-29 12:12:14.081 DEBUG 23879 --- [main] com.example.System5Application           : Running with Spring Boot v2.7.4, Spring v5.3.23
2022-11-29 12:12:14.089  INFO 23879 --- [main] com.example.System5Application           : No active profile set, falling back to 1 default profile: "default"
2022-11-29 12:12:23.095  INFO 23879 --- [main] com.example.System5Application           : Started System5Application in 9.925 seconds (JVM running for 12.358)
2022-11-29 12:13:23.441  INFO 23879 --- [http-nio-8080-exec-1] c.e.kanban.controller.KanbanController   : getAllKanban Иванов С.Н.
2022-11-29 12:13:25.817  INFO 23879 --- [http-nio-8080-exec-5] c.e.priziv.controller.PrizivController   : getAllPriziv Иванов С.Н.
2022-11-29 15:25:41.771  INFO 24878 --- [main] com.example.System5Application           : Starting System5Application using Java 15.0.2 on MacBook-Air.local with PID 24878 (/Users/aleksejlaskin/IdeaProjects/System5/target/classes started by aleksejlaskin in /Users/aleksejlaskin/IdeaProjects/System5)
2022-11-29 15:25:41.778 DEBUG 24878 --- [main] com.example.System5Application           : Running with Spring Boot v2.7.4, Spring v5.3.23
2022-11-29 15:25:41.779  INFO 24878 --- [main] com.example.System5Application           : No active profile set, falling back to 1 default profile: "default"
2022-11-29 15:25:55.304  INFO 24878 --- [main] com.example.System5Application           : Started System5Application in 15.851 seconds (JVM running for 20.546)
2022-11-29 15:26:23.561  INFO 24878 --- [http-nio-8080-exec-5] c.e.kanban.controller.KanbanController   : getAllKanban Иванов С.Н.
2022-11-29 15:26:27.441  INFO 24878 --- [http-nio-8080-exec-8] c.e.priziv.controller.PrizivController   : getAllPriziv Иванов С.Н.
2022-11-29 15:26:31.824  INFO 24878 --- [http-nio-8080-exec-10] c.e.priziv.controller.PrizivController   : getPrizivById Иванов С.Н.
2022-11-29 15:26:35.938  INFO 24878 --- [http-nio-8080-exec-1] c.e.priziv.controller.PrizivController   : getPrizivWithTotalIssued Иванов С.Н.
2022-11-29 15:27:49.754  INFO 24946 --- [main] com.example.System5Application           : Starting System5Application using Java 15.0.2 on MacBook-Air.local with PID 24946 (/Users/aleksejlaskin/IdeaProjects/System5/target/classes started by aleksejlaskin in /Users/aleksejlaskin/IdeaProjects/System5)
2022-11-29 15:27:49.762 DEBUG 24946 --- [main] com.example.System5Application           : Running with Spring Boot v2.7.4, Spring v5.3.23
2022-11-29 15:27:49.763  INFO 24946 --- [main] com.example.System5Application           : No active profile set, falling back to 1 default profile: "default"
2022-11-29 15:28:00.793  INFO 24946 --- [main] com.example.System5Application           : Started System5Application in 12.398 seconds (JVM running for 15.739)
2022-11-29 15:28:06.777  INFO 24946 --- [http-nio-8080-exec-5] c.e.kanban.controller.KanbanController   : getAllKanban Иванов С.Н.
2022-11-29 15:28:09.326  INFO 24946 --- [http-nio-8080-exec-8] c.e.priziv.controller.PrizivController   : getAllPriziv Иванов С.Н.
2022-11-29 15:28:12.251  INFO 24946 --- [http-nio-8080-exec-10] c.e.priziv.controller.PrizivController   : getPrizivById Иванов С.Н.
2022-11-29 15:28:15.174  INFO 24946 --- [http-nio-8080-exec-1] c.e.priziv.controller.PrizivController   : getPrizivWithTotalIssued Иванов С.Н.
2022-11-29 15:28:16.257  INFO 24946 --- [http-nio-8080-exec-2] c.e.priziv.controller.PrizivController   : getAllIll Иванов С.Н.
2022-11-29 15:28:27.765  INFO 24946 --- [http-nio-8080-exec-4] c.e.priziv.controller.PrizivController   : getAllPriziv Иванов С.Н.
2022-11-29 15:32:55.111  INFO 24946 --- [http-nio-8080-exec-2] c.e.kanban.controller.KanbanController   : getAllKanban Иванов С.Н.
2022-11-29 15:32:56.677  INFO 24946 --- [http-nio-8080-exec-7] c.e.priziv.controller.PrizivController   : getAllPriziv Иванов С.Н.
2022-11-29 15:32:59.418  INFO 24946 --- [http-nio-8080-exec-6] c.e.priziv.controller.PrizivController   : getPrizivById Иванов С.Н.
2022-11-29 15:33:01.554  INFO 24946 --- [http-nio-8080-exec-8] c.e.priziv.controller.PrizivController   : deleteIlled Иванов С.Н.
2022-11-29 15:33:03.604  INFO 24946 --- [http-nio-8080-exec-9] c.e.priziv.controller.PrizivController   : getPrizivWithTotalIssued Иванов С.Н.
2022-11-29 15:39:54.103  WARN 24946 --- [HikariPool-1 housekeeper] com.zaxxer.hikari.pool.HikariPool        : HikariPool-1 - Retrograde clock change detected (housekeeper delta=29s861ms), soft-evicting connections from pool.
